chiSquare info:
=======selected========
护理 139.541924743
美容 109.728270833
美发 99.0576860046
染发 80.5718475073
入住 65.4600301659
烫发 62.3015873016
面部 61.8500831431
早餐 54.3178973717
欧莱雅 53.246124031
男女 45.6000719014
补水 44.2431561997
鱼 40.9267503329
拍摄 39.1862926617
底片 38.1035996488
体检 37.2969460689
服装 36.5297530481
大床 35.4575163399
spa 35.3001801516
大酒店 33.8911938339
客房 32.8271367894
保暖内衣 32.5396825397
桑拿 30.212321615
游泳池 30.212321615
写真 30.212321615
理疗 28.9379233647
酒店 28.6259913395
虾 28.6150091519
餐饮 27.6129330788
健身房 27.6129330788
鸡 27.1021310246
牛肉 27.1021310246
锅 26.9050976403
牛 26.9050976403
经络 26.3928914505
美白 26.3928914505
美容院 26.3928914505
皇室 26.3928914505
机构 26.3928914505
美丽 26.3928914505
豪华 26.2532704892
免费 25.9321802742
火锅 25.5983666208
海鲜 25.5983666208
停车 25.1127348709
浦东 25.0288350634
香格里拉 25.0288350634
浦江 25.0288350634
宽带上网 25.0288350634
迎宾 25.0288350634
水晶 23.5238114063
门票 23.5238114063
医院 23.1078904992
婚纱摄影 22.4598930481
睫毛 22.4598930481
住宿 22.4598930481
摄影 22.4598930481
肉 22.3621071176
造型 22.1965121863
羊毛 22.1894332646
豆腐 21.1409395973
饼 21.1409395973
套餐 21.1124828269
调理 21.0295319761
水疗 21.0295319761
相册 19.9059740855
钱包 19.9059740855
套 18.8874208771
竹炭 18.4328837508
超声波 18.4328837508
抛光 18.4328837508
口腔 18.4328837508
检查 18.4328837508
一次性 18.3635313501
羊肉 18.2134108697
茶 18.0773544421
发型师 17.5446998723
保养 17.5446998723
护发 17.5446998723
蛋白 17.5446998723
形象设计 17.5446998723
胶原蛋白 17.5446998723
高蛋白 17.5446998723
设计师 17.5446998723
水洗 17.5446998723
年卡 17.5446998723
直发 17.5446998723
头皮 17.5446998723
尚品 17.5446998723
保湿 17.5446998723
面膜 17.5446998723
风情 17.5446998723
芳香 17.5446998723
手部 17.5446998723
眼部 17.5446998723
设计 17.5446998723
邂逅 17.5446998723
洗头 17.5446998723
疏通 17.5446998723
排毒 17.5446998723
滋养 17.5446998723
限时 17.3669467787
娱乐 17.3669467787
碗 16.7626384973
奶茶 16.7626384973
米饭 16.5174910117
铁板 15.0834195911
沙拉 15.0834195911
体验 14.8930573718
光盘 14.8426812585
健身 14.8426812585
电影 14.8426812585
台一 14.8426812585
双人房 14.8426812585
洗漱 14.8426812585
用品 14.8426812585
中医 13.9935974638
口味 13.8866956178
多用 13.7848222863
保修卡 13.7848222863
爱人 13.7848222863
故事 13.7848222863
解放军 13.7848222863
女款 13.7848222863
年历 13.7848222863
双人 13.7102734664
高级 13.5858026401
能量 13.5858026401
全能 13.5858026401
照片 13.5021896303
养生 13.4567250849
抵用券 12.7371664995
通用 12.5663279527
锅底 12.4613749533
温泉 12.3330491617
外景 12.3330491617
相框 12.3330491617
标准间 12.3330491617
设施 12.3330491617
网络 12.3330491617
宽带 12.3330491617
蔬菜 12.2508181726
消费 11.6155209566
礼盒 11.1026940243
精致 11.0700731906
食用 11.0443894972
木耳 11.0443894972
牛排 11.0443894972
套装 10.9841281161
国际 10.5812465517
背部 10.4238602302
足疗 10.4238602302
乳 10.4238602302
雕 10.4238602302
场次 9.83792360875
pvc 9.83792360875
大片 9.83792360875
婚纱 9.83792360875
24小时 9.83792360875
客栈 9.83792360875
大堂 9.83792360875
网吧 9.83792360875
刻盘 9.83792360875
自带 9.83792360875
视觉 9.83792360875
课程 9.79575008928
领取 9.79575008928
午餐 9.63566634708
招牌 9.63566634708
生菜 9.63566634708
餐厅 9.63566634708
蒜 9.63566634708
芝士 9.63566634708
蛋糕 9.63566634708
4人 9.47159190231
巧克力 9.39127451192
用户 9.35206464527
迪士尼 9.16347381865
加厚 9.16347381865
教学 9.16347381865
课时 9.16347381865
刀具 9.16347381865
切片 9.16347381865
爵士 9.16347381865
爱康 9.16347381865
新街口 9.16347381865
分院 9.16347381865
爸爸妈妈 9.16347381865
贴心 9.16347381865
礼物 9.16347381865
法定 9.16347381865
假日 9.16347381865
教育 9.16347381865
专卖店 9.16347381865
空军 9.16347381865
关爱 9.16347381865
南极 9.16347381865
商场 9.16347381865
城区 9.16347381865
灰色 9.16347381865
阅读 9.16347381865
福州 9.16347381865
家居 9.16347381865
血糖 9.16347381865
mo 9.16347381865
sg 9.16347381865
皮毛 9.16347381865
雪地 9.16347381865
型号 9.16347381865
尺码 9.16347381865
齐全 9.16347381865
培训 9.16347381865
肚皮舞 9.16347381865
血压 9.16347381865
叠加 9.16347381865
印务 9.16347381865
优惠券 9.16347381865
说明书 9.16347381865
整机 9.16347381865
保修 9.16347381865
领先 9.16347381865
品质 9.16347381865
信誉 9.16347381865
孝敬 9.16347381865
长辈 9.16347381865
自助 9.08205407933
配送 8.99052397485
卷 8.97996743718
可选 8.90666854645
diy 8.90666854645
形象 8.74721426297
典雅 8.74721426297
远红外线 8.74721426297
可心 8.74721426297
减肥 8.74721426297
单项 8.74721426297
计时 8.74721426297
气血 8.74721426297
微循环 8.74721426297
高科技 8.74721426297
养护 8.74721426297
嫩肤 8.74721426297
重塑 8.74721426297
黑发 8.74721426297
减压 8.74721426297
修复 8.74721426297
清洗 8.74721426297
资深 8.74721426297
发型 8.74721426297
修剪 8.74721426297
发源地 8.74721426297
黑人 8.74721426297
卷发 8.74721426297
防护 8.74721426297
清爽 8.74721426297
美肌 8.74721426297
化妆水 8.74721426297
两片 8.74721426297
透明 8.74721426297
粉底液 8.74721426297
象牙 8.74721426297
肤色 8.74721426297
紫色 8.74721426297
东方 8.74721426297
女人 8.74721426297
手臂 8.74721426297
巩固 8.74721426297
v1 8.74721426297
真善美 8.74721426297
去斑 8.74721426297
生活馆 8.74721426297
细胞 8.74721426297
激活 8.74721426297
仪器 8.74721426297
脊椎 8.74721426297
穴位 8.74721426297
造型师 8.74721426297
头发 8.74721426297
环山 8.74721426297
高端 8.74721426297
健胃 8.74721426297
呼吸 8.74721426297
顺畅 8.74721426297
卵巢 8.74721426297
植物 8.74721426297
胸部 8.74721426297
氨基酸 8.74721426297
审美 8.74721426297
生活化 8.74721426297
lp 8.74721426297
修护 8.74721426297
工程 8.74721426297
亲亲 8.74721426297
雅思 8.74721426297
生化 8.74721426297
北大街 8.74721426297
ufo 8.74721426297
还原 8.74721426297
菲尔 8.74721426297
药水 8.74721426297
自体 8.74721426297
神采 8.74721426297
焦点 8.74721426297
最长 8.74721426297
膀胱 8.74721426297
弹力 8.74721426297
毛囊 8.74721426297
止痒 8.74721426297
佛山 8.74721426297
南方 8.74721426297
新一 8.74721426297
水润 8.74721426297
娇兰 8.74721426297
嫩白 8.74721426297
对抗 8.74721426297
紫外线 8.74721426297
高频 8.74721426297
魔力 8.74721426297
腹部 8.74721426297
女王 8.74721426297
离子 8.74721426297
多张 8.74721426297
短发 8.74721426297
威尔 8.74721426297
空气 8.74721426297
灵感 8.74721426297
分享 8.74721426297
美容美体 8.74721426297
步法 8.74721426297
疗法 8.74721426297
繁花 8.74721426297
尤物 8.74721426297
眼线笔 8.74721426297
东四 8.74721426297
秀发 8.74721426297
生鱼片 8.74721426297
酸奶 8.74721426297
面食 8.74721426297
随心 8.74721426297
ip 8.74721426297
one 8.74721426297
儿童 8.68142510505
全家福 8.68142510505
女性 8.41882035251
海报 8.33739055894
美食 8.23513344779
烤肉 8.23513344779
玉米 8.23513344779
芒果 8.23513344779
小菜 8.23513344779
蛋 8.23513344779
姜 8.23513344779
萝卜 8.23513344779
南瓜 8.23513344779
晚餐 8.23513344779
鱼片 8.23513344779
香草 8.23513344779
按摩 8.21201091902
水果 7.61869711206
房间 7.35717918291
新娘 7.35717918291
油画 7.35717918291
ktv 7.35717918291
高清 7.35717918291
标准 7.35717918291
实景 7.35717918291
人一 7.35717918291
电影院 7.35717918291
套票 7.35717918291
足球 7.35717918291
滑雪场 7.35717918291
滑雪 7.35717918291
鞋 7.35717918291
缆车 7.35717918291
全天 7.35717918291
礼服 7.35717918291
俱乐部 7.35717918291
时段 7.35717918291
液晶电视 7.35717918291
中央空调 7.35717918291
热水 7.35717918291
茶水 7.35717918291
桌球 7.35717918291
休息 7.35717918291
银座 7.35717918291
光纤 7.35717918291
山东省 7.35717918291
单人房 7.35717918291
艺术 7.35717918291
刀 7.15520801202
健康 7.14171847601
中药 6.9159108853
会所 6.84772617849
煲 6.84271957981
情人 6.84271957981
生态 6.84271957981
果汁 6.84271957981
葱 6.84271957981
炒饭 6.84271957981
鸳鸯 6.84271957981
黄瓜 6.84271957981
肥牛 6.84271957981
原味 6.84271957981
猪 6.7597542528
肠 6.7597542528
化妆 6.35341326807
会馆 6.29874833293
爆米花 6.29874833293
五星级 6.29874833293
咖啡 6.16531165312
个性 6.0690698554
世界 6.06221279604
好礼 6.06221279604
自取 5.99798387097
邀请 5.69105691057
好友 5.69105691057
返利 5.69105691057
烧烤 5.4583543469
笋 5.4583543469
鱼丸 5.4583543469
五花肉 5.4583543469
餐具 5.4583543469
料理 5.4583543469
开胃 5.4583543469
野生 5.4583543469
菠菜 5.4583543469
八宝 5.4583543469
鹅 5.4583543469
奶油 5.4583543469
土豆 5.4583543469
粥 5.4583543469
咖喱 5.4583543469
白菜 5.4583543469
鸭血 5.4583543469
纸巾 5.4583543469
布丁 5.4583543469
寿司 5.4583543469
酒 5.4583543469
大黄 5.4583543469
单人 5.43805421598
美国 5.43805421598
精美 5.12742345618
电影票 4.89069190895
影片 4.89069190895
牛奶 4.89069190895
用具 4.89069190895
掌中 4.89069190895
定做 4.89069190895
类型 4.89069190895
仿真 4.89069190895
数码 4.89069190895
锦江 4.89069190895
行政 4.89069190895
套房 4.89069190895
结婚 4.89069190895
证件 4.89069190895
大型 4.89069190895
真人 4.89069190895
有效期 4.89069190895
溶洞 4.89069190895
尊贵 4.89069190895
架 4.89069190895
鸡尾酒 4.89069190895
蓝色 4.89069190895
旅游 4.89069190895
可换 4.89069190895
全场 4.89069190895
台球 4.89069190895
数码照片 4.89069190895
相片 4.89069190895
城墙 4.89069190895
灯会 4.89069190895
夫子庙 4.89069190895
白鹭 4.89069190895
公园 4.89069190895
童话世界 4.89069190895
妆容 4.89069190895
放大 4.89069190895
框 4.89069190895
皮夹 4.89069190895
叫醒 4.89069190895
花园 4.89069190895
游戏 4.89069190895
中选 4.89069190895
泳池 4.89069190895
画 4.89069190895
封面 4.89069190895
消毒 4.89069190895
儿童摄影 4.89069190895
vip 4.89069190895
金色 4.89069190895
专业化 4.89069190895
幸福 4.89069190895
u盘 4.89069190895
拷贝 4.89069190895
卫浴 4.89069190895
box 4.89069190895
wii 4.89069190895
项目 4.89069190895
游戏币 4.89069190895
大地 4.89069190895
古风 4.89069190895
刻录 4.89069190895
内含 4.89069190895
身体 4.89069190895
有氧 4.89069190895
牵引 4.89069190895
枯燥 4.89069190895
回馈 4.85553030362
品牌 4.85553030362
快乐 4.85553030362
颜色 4.85553030362
枕 4.85553030362
现代 4.85553030362
父母 4.85553030362
卡通 4.85553030362
电子 4.85553030362
韩国 4.85348267126
创意 4.85348267126
日本 4.85348267126
隐性 4.85348267126
欢乐 4.74662350709
崇明 4.71542042837
银 4.68329939544
产品 4.6709962889
私家 4.56860872334
裁缝 4.56860872334
正装 4.56860872334
西服 4.56860872334
西裤 4.56860872334
面料 4.56860872334
工艺 4.56860872334
总价值 4.56860872334
衬衫 4.56860872334
品位 4.56860872334
尊崇 4.56860872334
象征 4.56860872334
手帕 4.56860872334
盒装 4.56860872334
快递费 4.56860872334
爬爬 4.56860872334
王国 4.56860872334
维尼 4.56860872334
白雪公主 4.56860872334
随身 4.56860872334
吉他 4.56860872334
小班 4.56860872334
百事 4.56860872334
严寒 4.56860872334
三件套 4.56860872334
熟食 4.56860872334
水果刀 4.56860872334
剪刀 4.56860872334
实木 4.56860872334
魔术 4.56860872334
丝巾 4.56860872334
音乐 4.56860872334
演奏 4.56860872334
二次 4.56860872334
非洲 4.56860872334
盆 4.56860872334
损坏 4.56860872334
终生 4.56860872334
维修 4.56860872334
小故事 4.56860872334
讲述 4.56860872334
责任 4.56860872334
成长 4.56860872334
学习 4.56860872334
习惯 4.56860872334
小朋友 4.56860872334
伙伴 4.56860872334
爱看 4.56860872334
家用 4.56860872334
若水 4.56860872334
数学 4.56860872334
科学 4.56860872334
实验 4.56860872334
国际象棋 4.56860872334
围棋 4.56860872334
魔方 4.56860872334
监护人 4.56860872334
七彩 4.56860872334
玩具 4.56860872334
牙龈 4.56860872334
药物 4.56860872334
保障 4.56860872334
健身卡 4.56860872334
身心 4.56860872334
花店 4.56860872334
花束 4.56860872334
公仔 4.56860872334
高密度 4.56860872334
亚光 4.56860872334
供电 4.56860872334
题材 4.56860872334
英语 4.56860872334
教室 4.56860872334
欧亚 4.56860872334
外语培训 4.56860872334
少儿英语 4.56860872334
小学 4.56860872334
新概念 4.56860872334
幽默 4.56860872334
情节 4.56860872334
导读 4.56860872334
情景 4.56860872334
活泼 4.56860872334
初一 4.56860872334
年级 4.56860872334
同步 4.56860872334
课文 4.56860872334
语法 4.56860872334
技巧 4.56860872334
初二 4.56860872334
初三 4.56860872334
中考 4.56860872334
冲刺 4.56860872334
写作 4.56860872334
听力 4.56860872334
高一 4.56860872334
高二 4.56860872334
高三 4.56860872334
高考 4.56860872334
厨具 4.56860872334
冠军 4.56860872334
典藏 4.56860872334
维也纳 4.56860872334
简约 4.56860872334
炒锅 4.56860872334
过节 4.56860872334
不二 4.56860872334
玛丽亚 4.56860872334
形态 4.56860872334
内科 4.56860872334
妇科 4.56860872334
心电图 4.56860872334
乳腺 4.56860872334
宫颈 4.56860872334
tc 4.56860872334
彩色 4.56860872334
b超 4.56860872334
盆腔 4.56860872334
子宫 4.56860872334
附件 4.56860872334
血脂 4.56860872334
白带 4.56860872334
阴道 4.56860872334
乙肝 4.56860872334
色彩 4.56860872334
服饰 4.56860872334
知识 4.56860872334
神奇 4.56860872334
理论 4.56860872334
穿衣 4.56860872334
法则 4.56860872334
衣橱 4.56860872334
秘诀 4.56860872334
课题 4.56860872334
红色 4.56860872334
黑色 4.56860872334
江西 4.56860872334
教练 4.56860872334
街舞 4.56860872334
训练 4.56860872334
香港 4.56860872334
影视明星 4.56860872334
郑少秋 4.56860872334
代言 4.56860872334
募集 4.56860872334
基金 4.56860872334
感恩 4.56860872334
合肥 4.56860872334
城隍庙 4.56860872334
大世界 4.56860872334
义卖 4.56860872334
生活用品 4.56860872334
苍天 4.56860872334
无情 4.56860872334
有情 4.56860872334
人间 4.56860872334
自有 4.56860872334
真情 4.56860872334
社会 4.56860872334
学校 4.56860872334
舞蹈 4.56860872334
基础 4.56860872334
强化 4.56860872334
拉丁 4.56860872334
少儿 4.56860872334
芭蕾 4.56860872334
流行 4.56860872334
中级 4.56860872334
形体 4.56860872334
花样 4.56860872334
套路 4.56860872334
袋鼠 4.56860872334
大号 4.56860872334
发热 4.56860872334
最高温度 4.56860872334
温度 4.56860872334
持续 4.56860872334
南宁 4.56860872334
as 4.56860872334
保温 4.56860872334
宠物用品 4.56860872334
宠物 4.56860872334
鸡肉 4.56860872334
饼干 4.56860872334
洗澡 4.56860872334
合计 4.56860872334
大连市 4.56860872334
妇女 4.56860872334
筛查 4.56860872334
乳腺癌 4.56860872334
八一 4.56860872334
分部 4.56860872334
无菌 4.56860872334
健康检查 4.56860872334
冲洗 4.56860872334
上药 4.56860872334
日用 4.56860872334
卫生巾 4.56860872334
km 4.56860872334
上全 4.56860872334
仔细 4.56860872334
珍藏 4.56860872334
巴巴 4.56860872334
蓝精灵 4.56860872334
机器猫 4.56860872334
鼹鼠 4.56860872334
猫和老鼠 4.56860872334
宫崎骏 4.56860872334
绝对值 4.56860872334
挂历 4.56860872334
正品 4.56860872334
珍珠 4.56860872334
家纺 4.56860872334
记忆 4.56860872334
母婴 4.56860872334
新生儿 4.56860872334
开心 4.56860872334
贝贝 4.56860872334
沐浴 4.56860872334
供暖 4.56860872334
悠然 4.56860872334
布艺 4.56860872334
衣架 4.56860872334
刻有 4.56860872334
指纹 4.56860872334
do 4.56860872334
dos 4.56860872334
钻石 4.56860872334
国家 4.56860872334
专利产品 4.56860872334
协和 4.56860872334
中西医 4.56860872334
白领 4.56860872334
购书 4.56860872334
睡衣 4.56860872334
羊绒 4.56860872334
贴身 4.56860872334
舒适 4.56860872334
大红 4.56860872334
紫罗兰 4.56860872334
紫金 4.56860872334
净化 4.56860872334
治疗 4.56860872334
心口 4.56860872334
广电 4.56860872334
创业 4.56860872334
兄弟 4.56860872334
同学 4.56860872334
客户 4.56860872334
now 4.56860872334
无痛 4.56860872334
咨询 4.56860872334
颈椎 4.56860872334
腰椎 4.56860872334
肩部 4.56860872334
失眠 4.56860872334
扭伤 4.56860872334
对症 4.56860872334
滋润 4.56860872334
全自动 4.56860872334
气管 4.56860872334
测试仪 4.56860872334
试纸 4.56860872334
笔 4.56860872334
便携 4.56860872334
管理 4.56860872334
记录 4.56860872334
杂志 4.52533842416
连锁 4.52533842416
南京 4.23520514275
乐园 4.16254492545
年糕 4.14881008308
无限量 4.14881008308
美味 4.14881008308
中华 4.14881008308
俱全 4.12050227046
人数 4.12050227046
温馨 4.12050227046
菊花 4.08196816432
普洱茶 4.08196816432
茶壶 4.08196816432
礼品盒 4.08196816432
丸子 4.08196816432
墨鱼 4.08196816432
豆浆 4.08196816432
精选 4.08196816432
优质 4.08196816432
凉粉 4.08196816432
吉祥 4.08196816432
鲍鱼 4.08196816432
玉兔 4.08196816432
皮蛋 4.08196816432
一品 4.08196816432
培根 4.08196816432
粉丝 4.08196816432
港式 4.08196816432
蘑菇 4.08196816432
羔羊 4.08196816432
冰淇淋 4.08196816432
秘制 4.08196816432
山药 4.08196816432
果蔬 4.08196816432
薯条 4.08196816432
泡菜 4.08196816432
鱿鱼 4.08196816432
甜品 4.08196816432
雪梨 4.08196816432
超市 4.08196816432
猪肉 4.08196816432
大礼包 4.08196816432
茄子 4.08196816432
台湾 4.08196816432
可乐 4.08196816432
香菇 4.08196816432
供应 4.08196816432
蛤 4.08196816432
组合 3.79930943146
dvd 3.76018458432
宝宝 3.76018458432
精品 3.58066848247
日式 3.52161051956
豆 3.52161051956
现金 3.51412273628
女士 3.51412273628
青春 3.43808213551
极致 3.43808213551
工作室 3.43808213551
五行 3.43808213551
智能 3.43808213551
速成 3.43808213551
迎新 3.43808213551
演绎 3.43808213551
精彩 3.43808213551
纯天然 3.43808213551
隐形 3.43808213551
顾客 3.43808213551
沙龙 3.43808213551
女子 3.43808213551
紧致 3.43808213551
头部 3.43808213551
养颜 3.43808213551
精油 3.43808213551
特级 3.43808213551
润泽 3.43808213551
空间 3.43808213551
陶瓷 3.43808213551
至尊 3.43808213551
纳米 3.43808213551
空调 3.43808213551
调养 3.43808213551
概念 3.43808213551
彩妆 3.43808213551
蚕丝 3.43808213551
动感 3.43808213551
高原 3.43808213551
百花 3.43808213551
巴黎 3.43808213551
精华 3.43808213551
北京 3.2012195122
米 3.2012195122
数字 2.99945359906
休闲 2.90655950865
下午茶 2.90655950865
有机 2.90655950865
意大利 2.90655950865
草莓 2.90655950865
美式 2.90655950865
排骨 2.90655950865
公司 2.80714945878
支付 2.80714945878
澳洲 2.80714945878
送礼 2.80714945878
男士 2.80714945878
特色 2.72362717218
soho 2.71349224717
普洱 2.71349224717
银耳 2.71349224717
大雪 2.71349224717
金鱼 2.71349224717
茶杯 2.71349224717
饮茶 2.71349224717
陈年 2.71349224717
大白菜 2.71349224717
枇杷 2.71349224717
橄榄 2.71349224717
佳品 2.71349224717
可可 2.71349224717
企业 2.71349224717
ipod 2.71349224717
nano 2.71349224717
奖券 2.71349224717
箱子 2.71349224717
公布 2.71349224717
中奖 2.71349224717
蓝莓 2.71349224717
滋味 2.71349224717
番茄 2.71349224717
关东 2.71349224717
功夫 2.71349224717
酒家 2.71349224717
飘香 2.71349224717
黄埔 2.71349224717
肉类 2.71349224717
鱼刺 2.71349224717
鱼翅 2.71349224717
醋 2.71349224717
特制 2.71349224717
========unselected=======
芋头 2.71349224717
荞麦 2.71349224717
花生米 2.71349224717
龙虾 2.71349224717
蔬果 2.71349224717
胡椒 2.71349224717
凉菜 2.71349224717
邮费 2.71349224717
内蒙 2.71349224717
黄油 2.71349224717
调料 2.71349224717
扇 2.71349224717
茶树 2.71349224717
大厨 2.71349224717
新世界 2.71349224717
酒水 2.71349224717
江南 2.71349224717
馒头 2.71349224717
咖啡厅 2.71349224717
蓝山 2.71349224717
菜馆 2.71349224717
年夜饭 2.71349224717
外婆 2.71349224717
富贵 2.71349224717
核桃 2.71349224717
叉 2.71349224717
印度 2.71349224717
比萨 2.71349224717
金枪鱼 2.71349224717
橙汁 2.71349224717
羊肉串 2.71349224717
冬瓜 2.71349224717
鸡翅 2.71349224717
哈根达斯 2.71349224717
桃 2.71349224717
蚕豆 2.71349224717
桂圆 2.71349224717
柚子 2.71349224717
红烧 2.71349224717
西红柿 2.71349224717
水煮鱼 2.71349224717
琵琶 2.71349224717
蛋挞 2.71349224717
新增 2.71349224717
接待 2.71349224717
能力 2.71349224717
酒楼 2.71349224717
香菜 2.71349224717
苹果 2.71349224717
木瓜 2.71349224717
风味 2.71349224717
鳗鱼 2.71349224717
love 2.71349224717
茉莉 2.71349224717
红茶 2.71349224717
汤圆 2.71349224717
工坊 2.71349224717
红楼 2.71349224717
红豆 2.71349224717
三杯 2.71349224717
海带 2.71349224717
西洋 2.71349224717
奶 2.71349224717
加收 2.71349224717
饕餮 2.71349224717
菜肴 2.71349224717
甜点 2.71349224717
彬彬 2.71349224717
聋哑 2.71349224717
人士 2.71349224717
真诚 2.71349224717
姐妹 2.71349224717
对虾 2.71349224717
带鱼 2.71349224717
小黄 2.71349224717
香辣 2.71349224717
巴西 2.71349224717
不限量 2.71349224717
朋友 2.71349224717
聚餐 2.71349224717
理想 2.71349224717
自制 2.71349224717
莲藕 2.71349224717
鸡汤 2.71349224717
任意 2.7118912081
饮料 2.49298510684
剧院 2.43833923254
玫瑰 2.43833923254
泡汤 2.43833923254
牛奶浴 2.43833923254
琉璃 2.43833923254
巨幅 2.43833923254
婚礼 2.43833923254
展架 2.43833923254
特色产品 2.43833923254
包房 2.43833923254
vc 2.43833923254
水星 2.43833923254
视界 2.43833923254
视频 2.43833923254
旋转 2.43833923254
木马 2.43833923254
音乐盒 2.43833923254
梦想 2.43833923254
景观 2.43833923254
筹备 2.43833923254
到场 2.43833923254
递送 2.43833923254
玫瑰园 2.43833923254
宾馆 2.43833923254
贵宾卡 2.43833923254
庭园 2.43833923254
房型 2.43833923254
化妆师 2.43833923254
魔幻 2.43833923254
西游记 2.43833923254
正规 2.43833923254
全球 2.43833923254
最新电影 2.43833923254
热播 2.43833923254
从化 2.43833923254
农家 2.43833923254
果园 2.43833923254
中式 2.43833923254
龟 2.43833923254
莫泰 2.43833923254
家一 2.43833923254
住房 2.43833923254
观澜 2.43833923254
旅游文化 2.43833923254
景点门票 2.43833923254
厨房 2.43833923254
制造 2.43833923254
俄罗斯 2.43833923254
烟熏 2.43833923254
深海 2.43833923254
香槟 2.43833923254
雪糕 2.43833923254
深圳 2.43833923254
东航 2.43833923254
游轮 2.43833923254
梦幻 2.43833923254
观赏 2.43833923254
节目 2.43833923254
相机 2.43833923254
望远镜 2.43833923254
远眺 2.43833923254
保险费 2.43833923254
开阔 2.43833923254
你我 2.43833923254
视野 2.43833923254
生有 2.43833923254
单片 2.43833923254
辛苦 2.43833923254
和爱 2.43833923254
滨海 2.43833923254
金海 2.43833923254
度假酒店 2.43833923254
旅游度假 2.43833923254
海钓 2.43833923254
渔具 2.43833923254
沙滩 2.43833923254
排球 2.43833923254
篝火 2.43833923254
晚会 2.43833923254
同行 2.43833923254
租赁 2.43833923254
时间 2.43833923254
晚礼服 2.43833923254
古典 2.43833923254
旗袍 2.43833923254
伴娘 2.43833923254
疗程 2.43833923254
都市 2.43833923254
抗压 2.43833923254
小水 2.43833923254
导入 2.43833923254
护肤 2.43833923254
比赛 2.43833923254
婚纱照 2.43833923254
特辑 2.43833923254
整体 2.43833923254
实拍 2.43833923254
带子 2.43833923254
妈妈 2.43833923254
河西 2.43833923254
和平 2.43833923254
足底 2.43833923254
脏腑 2.43833923254
西式 2.43833923254
直径 2.43833923254
大成 2.43833923254
景点 2.43833923254
瑞安 2.43833923254
双人床 2.43833923254
有线 2.43833923254
大金 2.43833923254
沙发 2.43833923254
淋浴 2.43833923254
卫生间 2.43833923254
国际酒店 2.43833923254
之美 2.43833923254
当归 2.43833923254
平衡 2.43833923254
诊断 2.43833923254
饺子 2.43833923254
主食 2.43833923254
可达 2.43833923254
上品 2.43833923254
伤风 2.43833923254
感冒 2.43833923254
麻痹 2.43833923254
降脂 2.43833923254
降压 2.43833923254
药师 2.43833923254
一小 2.43833923254
咖啡馆 2.43833923254
免费看 2.43833923254
信号 2.43833923254
建设路 2.43833923254
黄色 2.43833923254
重量 2.43833923254
作品 2.43833923254
烧制 2.43833923254
星光大道 2.43833923254
啤酒 2.43833923254
后期制作 2.43833923254
动态 2.43833923254
las 2.43833923254
电子相册 2.43833923254
泳衣 2.43833923254
奉献 2.43833923254
聊城 2.43833923254
休闲旅游 2.43833923254
往返 2.43833923254
国信 2.43833923254
旅行社 2.43833923254
持证 2.43833923254
导游 2.43833923254
美人 2.43833923254
蒸汽 2.43833923254
香熏 2.43833923254
可看 2.43833923254
电视 2.43833923254
读书 2.43833923254
供水 2.43833923254
u2 2.43833923254
画册 2.43833923254
英国 2.43833923254
明星 2.43833923254
宣传海报 2.43833923254
欧洲 2.43833923254
新版 2.43833923254
时装 2.43833923254
附赠 2.43833923254
光碟 2.43833923254
宝贝儿 2.43833923254
恒温 2.43833923254
一对一 2.43833923254
保底 2.43833923254
珍贵 2.43833923254
画面 2.43833923254
饮用水 2.43833923254
拖鞋 2.43833923254
毛巾 2.43833923254
包厢 2.43833923254
分配 2.43833923254
翰林 2.43833923254
淘气 2.43833923254
梦梦 2.43833923254
剧场 2.43833923254
印象 2.43833923254
私人 2.43833923254
裸妆 2.43833923254
化妆品 2.43833923254
冲印 2.43833923254
电子版 2.43833923254
酒吧 2.43833923254
青岛啤酒 2.43833923254
飓风 2.43833923254
影城 2.43833923254
尼亚 2.43833923254
传奇 2.43833923254
黎明 2.43833923254
盲人 2.43833923254
城市 2.43833923254
标间 2.43833923254
家庭 2.43833923254
荷包 2.43833923254
cd 2.43833923254
沙田 2.43833923254
滋阴 2.43833923254
壮阳 2.43833923254
花瓣 2.43833923254
格林 2.43833923254
豪泰 2.43833923254
天一 2.43833923254
ha 2.43833923254
pp 2.43833923254
宝贝 2.43833923254
可爱 2.43833923254
妈咪 2.43833923254
摩登 2.43833923254
量身订做 2.43833923254
mtv 2.43833923254
过夜 2.43833923254
欢笑 2.43833923254
新华 2.43833923254
ma 2.43833923254
自营 2.43833923254
游船 2.43833923254
冰河 2.43833923254
动漫 2.43833923254
东莞 2.43833923254
内涵 2.43833923254
艺术照 2.43833923254
镜头 2.43833923254
清雅 2.43833923254
温州市 2.43833923254
海景 2.43833923254
拓展 2.43833923254
策划 2.43833923254
服务部 2.43833923254
激光 2.43833923254
cs 2.43833923254
镭射 2.43833923254
战斗 2.43833923254
人质 2.43833923254
解救 2.43833923254
歼灭 2.43833923254
反恐 2.43833923254
战役 2.43833923254
月卡 2.43833923254
水壶 2.43833923254
铁三角 2.43833923254
耳麦 2.43833923254
三人行 2.43833923254
课程表 2.43833923254
维纳斯 2.43833923254
华丽 2.43833923254
唯美 2.43833923254
精制 2.43833923254
宽带网 2.43833923254
电脑 2.43833923254
自备 2.43833923254
影院 2.43833923254
海量 2.43833923254
观看 2.43833923254
限量 2.43833923254
高速 2.43833923254
可用 2.43833923254
新郎 2.43833923254
360度 2.43833923254
专业级 2.43833923254
jp 2.43833923254
婚宴 2.43833923254
嫁衣 2.43833923254
电玩 2.43833923254
可获赠 2.43833923254
华商 2.43833923254
如家 2.43833923254
阳光 2.43833923254
单车 2.43833923254
九龙 2.43833923254
和健 2.43833923254
环境 2.43833923254
礼遇 2.43833923254
广州 2.43833923254
新世纪 2.43833923254
迎春 2.43833923254
畅饮 2.43294553121
情侣 2.33891593103
红酒 2.33891593103
上海市 2.33891593103
韩式 2.25968436155
高档 2.24310723042
炫彩 2.24310723042
检测 2.24310723042
推拿 2.24310723042
足浴 2.24310723042
游泳 2.24310723042
宁波 2.24310723042
中山 2.24310723042
代金券 2.16861768427
随机 2.08625525947
黄金 2.08625525947
重庆 2.08625525947
礼品 2.08625525947
饮品 2.06327875267
上海 1.97933537521
享受 1.7971758665
奢华 1.74187063585
鸡蛋 1.74187063585
美肤 1.74187063585
玉 1.74187063585
会员 1.74187063585
冷热 1.74187063585
济南 1.74187063585
享用 1.74044912961
羊 1.74044912961
营养 1.74044912961
广场 1.74044912961
件套 1.74044912961
法式 1.74044912961
糖 1.74044912961
新鲜 1.74044912961
极品 1.74044912961
鲈鱼 1.74044912961
会员卡 1.74044912961
雪碧 1.74044912961
日本料理 1.74044912961
专用 1.67561340066
成功 1.66418049599
选择 1.66332822749
赠送 1.57814879152
指定 1.49110767999
表演 1.49110767999
饰品 1.49110767999
人生 1.49110767999
无痕 1.49110767999
孩子 1.49110767999
爸爸 1.49110767999
童话 1.49110767999
游乐场 1.49110767999
风湿 1.49110767999
脚底 1.49110767999
配方 1.49110767999
图书 1.49110767999
版画 1.49110767999
高温 1.49110767999
讲解 1.49110767999
四大 1.49110767999
亲子 1.49110767999
瑜伽 1.49110767999
保健 1.49110767999
器械 1.49110767999
台历 1.49110767999
任选 1.46036723969
田园 1.44969639602
玫瑰花 1.39550820796
排队 1.39550820796
买票 1.39550820796
火车票 1.39550820796
联系 1.39550820796
票价 1.39550820796
手续费 1.39550820796
员工 1.39550820796
车次 1.39550820796
机会 1.39550820796
蜂蜜 1.39550820796
规格 1.39550820796
枣 1.39550820796
配菜 1.39550820796
糖水 1.39550820796
食品 1.39550820796
恒源祥 1.39550820796
三色 1.39550820796
包装 1.39550820796
童子 1.39550820796
原装 1.39550820796
北极 1.39550820796
平均 1.39550820796
bc 1.39550820796
欧式 1.39550820796
时令 1.39550820796
时尚 1.36377731937
麻油 1.35285859887
冰糖 1.35285859887
莲子 1.35285859887
云南 1.35285859887
花式 1.35285859887
百多 1.35285859887
美酒 1.35285859887
京城 1.35285859887
联手 1.35285859887
千里 1.35285859887
门店 1.35285859887
纽约 1.35285859887
冷面 1.35285859887
百事可乐 1.35285859887
鲶鱼 1.35285859887
西城区 1.35285859887
西单 1.35285859887
x1 1.35285859887
特种 1.35285859887
芦荟 1.35285859887
五味 1.35285859887
枸杞 1.35285859887
黄连 1.35285859887
龙眼 1.35285859887
馈赠 1.35285859887
手工 1.35285859887
产地 1.35285859887
石榴 1.35285859887
最完美 1.35285859887
尽享 1.35285859887
超大 1.35285859887
加州 1.35285859887
可口可乐 1.35285859887
餐饮店 1.35285859887
罐装 1.35285859887
新疆 1.35285859887
技术 1.35285859887
抗氧化 1.35285859887
衰老 1.35285859887
病变 1.35285859887
解酒 1.35285859887
饮用 1.35285859887
相宜 1.35285859887
川菜 1.35285859887
多宝鱼 1.35285859887
木桶 1.35285859887
天鹅 1.35285859887
汶川 1.35285859887
豆花 1.35285859887
新民 1.35285859887
晚报 1.35285859887
打造 1.35285859887
购物券 1.35285859887
富裕 1.35285859887
好意 1.35285859887
饭碗 1.35285859887
榴莲 1.35285859887
bbq 1.35285859887
配料 1.35285859887
乒乓球 1.35285859887
麻将 1.35285859887
东瀛 1.35285859887
和风 1.35285859887
大阪 1.35285859887
北海道 1.35285859887
越南 1.35285859887
饭堂 1.35285859887
波士顿 1.35285859887
海南 1.35285859887
文昌 1.35285859887
糯米 1.35285859887
茗茶 1.35285859887
铁观音 1.35285859887
油腻 1.35285859887
过年 1.35285859887
大鱼 1.35285859887
大肉 1.35285859887
素食 1.35285859887
水饺 1.35285859887
粗粮 1.35285859887
台中 1.35285859887
美玉 1.35285859887
卡卡 1.35285859887
净重 1.35285859887
天津市 1.35285859887
不足 1.35285859887
天津 1.35285859887
麻花 1.35285859887
手袋 1.35285859887
娃娃 1.35285859887
奉行 1.35285859887
汉江 1.35285859887
韩国料理 1.35285859887
人行 1.35285859887
色拉 1.35285859887
章鱼 1.35285859887
纯正 1.35285859887
天宫 1.35285859887
六人 1.35285859887
妹子 1.35285859887
鱼头 1.35285859887
口水 1.35285859887
腊梅 1.35285859887
香肠 1.35285859887
公社 1.35285859887
瑞金 1.35285859887
滋补 1.35285859887
三宝 1.35285859887
乌龟 1.35285859887
土鸡 1.35285859887
池塘 1.35285859887
元宵 1.35285859887
金地 1.35285859887
煎蛋 1.35285859887
三国 1.35285859887
真空 1.35285859887
加工 1.35285859887
扣肉 1.35285859887
金沙 1.35285859887
六合 1.35285859887
道菜 1.35285859887
山西 1.35285859887
大包 1.35285859887
客家 1.35285859887
西芹 1.35285859887
百合 1.35285859887
桶 1.35285859887
元素 1.35285859887
柠檬 1.35285859887
武汉 1.35285859887
华美 1.35285859887
雅兰 1.35285859887
官府 1.35285859887
拉斯 1.35285859887
中街 1.35285859887
冰点 1.35285859887
菠萝 1.35285859887
保尔森 1.35285859887
红花 1.35285859887
贝尔 1.35285859887
爽口 1.35285859887
彩虹 1.35285859887
成都 1.35285859887
三星级 1.35285859887
风格 1.35285859887
小资 1.35285859887
冰山 1.35285859887
火焰 1.35285859887
星座 1.35285859887
蜡烛 1.35285859887
心爱 1.35285859887
灶 1.35285859887
火腿肠 1.35285859887
清凉 1.35285859887
大连 1.35285859887
面皮 1.35285859887
缤纷 1.35285859887
传统 1.35285859887
日月 1.35285859887
琥珀 1.35285859887
甘草 1.35285859887
青豆 1.35285859887
杭州 1.35285859887
原创 1.35285859887
朱古力 1.35285859887
椰子 1.35285859887
红枣 1.35285859887
山东 1.35285859887
天大 1.35285859887
盛宴 1.35285859887
oo 1.35285859887
麦芽 1.35285859887
面粉 1.35285859887
精细 1.35285859887
酸辣 1.35285859887
牛肉面 1.35285859887
贝壳 1.35285859887
如意 1.35285859887
双色 1.35285859887
三和 1.35285859887
真如 1.35285859887
甲鱼 1.35285859887
che 1.35285859887
es 1.35285859887
ec 1.35285859887
ak 1.35285859887
恋曲 1.35285859887
好运 1.35285859887
定购 1.35285859887
上可 1.35285859887
参与 1.35285859887
积分 1.35285859887
茶餐厅 1.35285859887
鲫鱼 1.35285859887
漫步 1.35285859887
西餐 1.35285859887
八种 1.35285859887
贸易 1.35285859887
零食 1.35285859887
郑州 1.35285859887
摩卡 1.35285859887
酒席 1.35285859887
宜春 1.35285859887
广东 1.35285859887
顺风 1.35285859887
东京 1.35285859887
豆芽 1.35285859887
风雅 1.35285859887
红粉 1.35285859887
佳人 1.35285859887
合肥市 1.35285859887
有趣 1.35285859887
二人 1.35285859887
小青 1.35285859887
龙口 1.35285859887
长城 1.35285859887
莱茵 1.35285859887
洽洽 1.35285859887
芝麻 1.35285859887
藕 1.35285859887
牡丹 1.35285859887
柠檬汁 1.35285859887
广源 1.35285859887
炒菜 1.35285859887
空心 1.35285859887
鸡腿 1.35285859887
泡面 1.35285859887
太郎 1.35285859887
综合 1.35285859887
肉眼 1.35285859887
食客 1.35285859887
相约 1.35285859887
绿茶 1.35285859887
轰炸 1.35285859887
小鸡 1.35285859887
黑咖啡 1.35285859887
红糖 1.35285859887
酱汁 1.35285859887
桂花 1.35285859887
相思 1.35285859887
恋人 1.35285859887
乳酪 1.35285859887
龙腾 1.35285859887
奇异 1.35285859887
北区 1.35285859887
多美 1.35285859887
二层 1.35285859887
夹心 1.35285859887
麦当劳 1.35285859887
夫妻 1.35285859887
差价 1.35285859887
乐山 1.35285859887
物语 1.35285859887
百分 1.35285859887
魅力 1.35285859887
浓情 1.35285859887
大名 1.35285859887
大闸蟹 1.35285859887
上等 1.35285859887
胖子 1.35285859887
海味 1.35285859887
天然 1.35285859887
袭人 1.35285859887
活水 1.35285859887
大套 1.35285859887
园子 1.35285859887
气息 1.35285859887
拉面 1.35285859887
八方 1.35285859887
海参 1.35285859887
五彩 1.35285859887
真元 1.35285859887
私房菜 1.35285859887
特色菜 1.35285859887
保健品 1.35285859887
蜂胶 1.35285859887
珍宝 1.35285859887
发财 1.35285859887
酱油 1.35285859887
人参 1.35285859887
神仙 1.35285859887
糕点 1.35285859887
蛋鸡 1.35285859887
人流 1.35285859887
福气 1.35285859887
运气 1.35285859887
爱情 1.35285859887
小吃店 1.35285859887
豆瓣 1.35285859887
台式 1.35285859887
稻草人 1.35285859887
雪花 1.35285859887
澳门 1.35285859887
清汤 1.35285859887
罗汉 1.35285859887
紫菜 1.35285859887
西班牙 1.35285859887
斗牛 1.35285859887
橄榄油 1.35285859887
街坊 1.35285859887
黑鱼 1.35285859887
柠檬酸 1.35285859887
西瓜 1.35285859887
哈密瓜 1.35285859887
绿豆 1.35285859887
小镇 1.35285859887
澎湖 1.35285859887
xo 1.35285859887
药膳 1.35285859887
高丽 1.35285859887
南通 1.35285859887
咖啡店 1.35285859887
老妈 1.35285859887
灶台 1.35285859887
野味 1.35285859887
野鸭 1.35285859887
公鸡 1.35285859887
家常菜 1.35285859887
大将 1.35285859887
生姜 1.35285859887
牧场 1.35285859887
活鱼 1.35285859887
鲤鱼 1.35285859887
小白菜 1.35285859887
小子 1.35285859887
骨肉 1.35285859887
小牛 1.35285859887
阿婆 1.35285859887
绿色 1.35285859887
清河 1.35285859887
原生态 1.35285859887
古树 1.35285859887
乔木 1.35285859887
西双版纳 1.35285859887
原产地 1.35285859887
厂家 1.35285859887
口感 1.35285859887
收藏 1.35285859887
蝎子 1.35285859887
菜品 1.35285859887
家常 1.35285859887
新鲜蔬菜 1.35285859887
百变 1.35285859887
龙骨 1.35285859887
烧鸡 1.35285859887
泰国 1.35285859887
田螺 1.35285859887
酸甜 1.35285859887
兰花 1.35285859887
烤鸭 1.35285859887
凉拌 1.35285859887
记名 1.35285859887
外高桥 1.35285859887
清蒸 1.35285859887
太湖 1.35285859887
银杏 1.35285859887
雁 1.35285859887
盛世 1.35285859887
鸿运 1.35285859887
小米 1.35285859887
牛气冲天 1.35285859887
西藏 1.35285859887
牦牛 1.35285859887
步步高 1.35285859887
和气 1.35285859887
生财 1.35285859887
和田 1.35285859887
大枣 1.35285859887
笑口常开 1.35285859887
五谷 1.35285859887
肥羊 1.35285859887
品种 1.35285859887
食物 1.35285859887
名门 1.35285859887
暖冬 1.35285859887
纽西兰 1.35285859887
白萝卜 1.35285859887
瑞雪 1.35285859887
丰年 1.35285859887
吉祥如意 1.35285859887
虫草 1.35285859887
蒙古 1.35285859887
酸菜鱼 1.35285859887
白玉 1.35285859887
马 1.35285859887
大道 1.35285859887
chi 1.35285859887
ck 1.35285859887
lo 1.35285859887
li 1.35285859887
pop 1.35285859887
洋葱 1.35285859887
薄荷 1.35285859887
千层 1.35285859887
西餐厅 1.35285859887
蜗牛 1.35285859887
天使 1.35285859887
可免费 1.3400453772
经典 1.32995829753
顶级 1.24453844009
统一 1.24453844009
搭配 1.24453844009
南昌 1.24453844009
爱心 1.24453844009
上网 1.11346765642
自助餐 1.11346765642
拉手 1.00430416069
法国 0.949367250429
分店 0.949367250429
完美 0.888199633441
瓦 0.888199633441
服务费 0.888199633441
小吃 0.888199633441
瓜子 0.888199633441
无线 0.888199633441
老树 0.718581498891
码头 0.718581498891
兑换 0.718581498891
点心 0.718581498891
三文鱼 0.718581498891
杏仁 0.718581498891
山水 0.718581498891
鲜果 0.718581498891
大虾 0.718581498891
面包 0.718581498891
约会 0.718581498891
自选 0.718581498891
迷你 0.699896311658
浪漫 0.63699415323
中国 0.58155635558
商务 0.481999536614
回家 0.481999536614
米奇 0.481999536614
瘦身 0.481999536614
巨献 0.463900445492
蛋黄 0.441547518923
花茶 0.441547518923
小包 0.441547518923
进口 0.441547518923
制作 0.441547518923
品味 0.441547518923
四星级 0.441547518923
消费券 0.441547518923
前列腺 0.441547518923
鸿 0.441547518923
度假村 0.441547518923
工具 0.441547518923
白色 0.441547518923
粉红 0.441547518923
适用 0.441547518923
k歌 0.441547518923
地瓜 0.441547518923
香蕉 0.441547518923
喜悦 0.441547518923
花生 0.441547518923
实惠 0.441547518923
亲情 0.441547518923
时光 0.441547518923
青岛 0.441547518923
百纳 0.441547518923
米兰 0.441547518923
感受 0.441547518923
大海 0.441547518923
旗 0.441547518923
亚洲 0.441547518923
